
Presolve eliminates 50 constraints and 50 variables.
Substitution eliminates 337 variables.
Adjusted problem:
285 variables:
	176 nonlinear variables
	109 linear variables
285 constraints; 972 nonzeros
	208 nonlinear constraints
	77 linear constraints
	285 equality constraints
0 objectives.

ignore this line 972
@@@ Problem statistics
constraints: 285 variables: 285 nonzeros: 972
Variable vector:
0.9675183063878359
0.19030343386097032
0.9201263757931712
0.9552842342734097
0.10640864243866069
0.7129639298967865
0.5508774725035762
0.26334566700061407
0.3495553411169861
0.40702485411695877
0.6642161065805195
0.5750798079066043
0.9401954905382979
0.36343405235695936
0.004079488793338736
0.7543315410141422
0.44975231370250807
0.014269506066958551
0.7863848193366159
0.8362949512872333
0.5893955892928614
0.20348354517214653
0.2538778683217344
0.5317422586634819
0.16724800635233522
0.028060413422630943
0.3327107055548959
0.804529179212865
0.6395942901602684
0.7531114553354051
0.4862703351696254
0.040813824304796575
0.6534670132303361
0.47769050859917384
0.025406102054110112
0.6028685472270195
0.3901127600439075
0.9551806734098497
0.5914271581516692
0.7590184248116238
0.05800349585649281
0.31211095958817936
0.14608950498093207
0.31055859915334827
0.7869238843344528
0.5092045067943136
0.2650746090602247
0.784929372214344
0.674595731408257
0.2599821819804056
0.6182729430133725
0.9527755870889536
0.08708999222530252
0.8331202933908737
0.7459956302302968
0.8443200076748274
0.40050557151265376
0.5240666651751696
0.9778950367376964
0.9402167218315418
0.39051180910946054
0.06821741330645789
0.14257553241691107
0.6095549398644227
0.8446394432138049
0.8217569536887251
0.29924050036410915
0.8062981592707471
0.037652366362870074
0.1265342535582358
0.3958186808086082
0.06783316368859278
0.8054453616052489
0.23743233415156717
0.003129737270197969
0.6937320500382331
0.4675097411105236
0.8295722493096273
0.14703682019685557
0.32979934083052587
0.8017106109068122
0.5469396289510238
0.41951751474270554
0.30279934872016817
0.4159606800975626
0.04265141083970687
0.7237249472551194
0.8651522963044646
0.49492058886477824
0.5017273394057881
0.7010911589314425
0.7238228152735665
0.58061128059342
0.6462851922973945
0.21867242587752428
0.4421762233904079
0.7734701457478135
0.11309244185801352
0.8373465312763432
0.8039412808256998
0.5419101179401927
0.5204065087766898
13.82794667801747
1.4792153004138298
7.0538785586384485
14.829772221931563
15.993321222404338
38.37043409768581
37.23761372701759
38.51128647091989
1.0765407223096102
18.79355466210004
31.907117146496635
34.43451921766588
26.503958511341306
4.930161529058983
17.22519800811787
1.6306088156828626
4.209958350860866
4.0773197190732375
1.6668998203986447
5.599805138257117
5.5386013472191715
6.298022019336483
4.0468705943226695
1.730610722066773
2.221194349755973
4.257875367578616
4.404746882639932
2.0693066368429607
4.68809212291287
5.6547433199798025
1.4972746625641176
7.280265864329622
0.8863497868772036
0.3104128483583356
0.3956446680996677
0.7599103668424865
0.8141104591414183
0.812228588135253
0.7218161690504873
0.9429948663862837
0.4138237326452815
0.9336030887895754
0.8514237847904443
0.6729306975834868
0.9988217976000786
0.834808044416316
0.9405381963381605
0.6092273966801133
5.379001064523354
4.111156421097311
3.832060989538694
5.715484313784202
5.671601421332893
5.673808963201719
5.683642366363696
3.0549354349052438
4.249086711649069
5.731314205207786
3.2648744817968396
3.97414833676221
5.240912918328224
3.440107780681368
5.034375264267483
4.58266742215716
4.165160093393394
4.999003125274903
0.7534672124716573
2.9835563344824023
0.8185802493365703
1.666090260098973
1.5518698018594619
2.9810681754155404
2.4529984475423086
1.3487363985377487
2.3523095598485817
1.977708065051437
0.25197913468911254
3.599016205585459
3.171012811968621
3.1503216671005583
2.193664204398318
0.189472998354914
1.676500434180795
0.9064963372310049
0.8352683043435214
2.8817601860199593
4.149070072375393
0.8389490172607936
2.8993649157649046
2.4033848285277712
2.5037156027285095
0.9972518193326055
3.389062189573922
5.7766607572996405
3.9785820119821413
0.10922971545262049
1.840936230795577
0.3244351135086903
0.08638579296631443
1.27035043108582
0.04505183847014859
4.629699960216136
0.04595617827140248
2.231012674249983
1.2197254874325842
3.778341603156389
4.6429798165005245
5.66491255441562
2.897331563886069
2.9202322734077195
4.1669597235998745
3.0739693752791206
4.066290086080303
2.861707494869924
2.376319195689675
3.430445495941269
3.9271235265303073
0.19165743491919549
0.7679710558899603
4.4515378081483155
2.6013587500528104
4.391971661339057
2.4762365499973997
2.777108831987838
3.8950349124347867
4.998747926728578
3.391254673482868
4.77340376484105
3.6098644580454753
2.598816024276085
2.207634111390829
0.23484742389347735
0.0712961818996843
3.263849121503319
4.977112726605199
5.105930120105028
4.251380896047655
2.608193756428244
4.358217205714596
5.214772918296652
5.674700450691903
3.922691475042029
0.4839604540651928
2.166500191677402
4.03547635881036
3.61791942270536
3.7971457995072533
0.34378675652784013
0.3586155569357662
0.14133337790875805
3.8133301279311027
3.018981402732111
1.035802106560733
4.613474191020468
2.746903093744539
1.4249502728979517
5.484184263567033
6.846745928431429
2.8902911471718427
7.5459508064416605
3.0047340278890062
4.340768129875846
4.3169818652747765
2.954564151427484
6.4908793009163235
7.218837533844764
32.18966406940255
356.72658014407205
336.07897832649724
345.6875945597718
330.7018108903208
344.6361962256719
348.18471948990486
352.07802849141433
338.0988824686316
338.52701380077167
329.74353942221825
353.98998341659814
329.1980660387461
362.1615964025828
330.4495467987272
332.1880003101803
327.4813858839149

Residual vector:
0.014742719298882268
-0.023382860295911523
-0.017245308785596755
0.35654584556823904
-0.06172982850161124
-0.09786643423668273
-0.10099632237433154
3.0424026599282064
-2.919433768814883
-2.195378901170926
3.9210391904193007
-2.347752679077807
0.5667837301428165
0.645024962943624
1.2653045507305944
1.6486294487669788
0.3483622643985784
0.20826011970397573
-1.0973163436349926
0.8801429392372131
2.575521703576039
-3.302286537849644
-2.8471556042555064
0.019212484755285586
-0.39205474071761337
2.149468682129107
3.2775890551534728
3.2369168734787195
0.8458747848411274
0.6659005438939842
4.051790095635189
5.553340974362276
2.086432241190617
-5.148801116861999
-1.3735739236336304
-0.667063282418777
-0.03441471951997466
3.564094463785072
-4.4293815309265785
-2.9148386292154767
0.048601105411256146
1.0105936101050408
1.6999491391576587
-1.9272265983852614
1.6649233713093525
-2.5219002827456825
1.0221850784726032
3.3138762719682417
6.21491825167163
1.1762913093962486
2.0364494366335677
0.1863509972172146
2.685602950594551
-1.5785542964652022
-0.8974501833012423
4.591871881708361
2.9820186792557957
-0.007996978056223014
4.530545964385671
-2.6716206312487087
0.12485558151054965
-4.007117510343063
-0.6054177085439365
-1.4215843403266497
-2.5769374852436133
-0.41930293247131534
-0.3105821402912978
1.961334129922749
1.5122168475348658
-2.1704826157382717
-0.8276655636833294
0.344080321755019
1.6438326940004624
-1.5013321026370199
0.02455563368554306
0.9958725495923766
-0.7207761739655718
0.5753274839754723
-1.7217501438450853
2.8024485085309783
0.8211914858846779
-1.0435599547367365
0.9751727542458559
-1.021208818165856
0.15453760304978414
2.3123087375829194
2.5905438663997176
1.1121190450670753
-1.3339557511458713
0.3165306795624585
-1.5817743440727459
-0.10042738651160163
-2.6225668306215755
-3.5117245797090346
2.7331340787079013
-2.8216585598990616
-1.7452969392295112
-2.8871068896364793
0.4783547303869473
2.668620281496665
4.735754455415366
0.3630806935634925
0.3949493321240012
3.717513583889473
-1.3144908776043946
1.300645430700869
0.13352860165554326
-0.008530758359805102
-0.3763534201696599
0.1337164010224744
-1.5200591000175059
4.328483737386682
1.6307946685287735
3.5356280380545315
0.19069455315679562
1.0196365630204656
3.241824692471974
3.3419645454549327
1.326072787006367
4.433950808726873
-0.07662556896504757
-0.6596706091175998
-1.0301613771347928
-2.0462906019299045
1.614834914767419
4.09810261681909
4.298148043206402
1.397106937472591
-1.5133900885022538
3.546754415898698
2.342894229976643
3.2988018496090272
1.4464620997584148
-0.48580513782251755
-1.412075770451625
-1.930698171044385
-0.5501763618318861
3.498402311499528
-1.6866632468228417
-0.15533332912802897
-1.6787301489841682
-1.2739750211622816
-5.90533868415568
-0.8320202995800015
-10.558341143152246
-20.736902183085544
-9.2822975592775
-12.48393084245868
0.5020378913825073
-12.0924698973588
-18.280921386154347
-32.23260415488691
-9.022886105413074
0.824526904506659
-12.171753204048562
-0.43412958723296485
-3.272994970793529
-3.2833076422865934
-0.5866447211274157
-1.0716350381171675
-0.6006829419106409
-3.111492119522758
-0.6737013015961585
0.6451703977034016
-0.2715053981713344
-2.5960127253590723
-2.6702141355408866
-1.2286191919774891
-1.47796951700811
0.316147928600646
-0.5589020869885277
-3.174914554748653
-0.4917009975099313
0.6026289342289581
0.4872401557980075
0.04548896015313403
-0.11619749891439912
0.6539790613850143
0.4985360781049554
0.44284962736348765
0.5177686735906661
-0.5160021431794115
0.008627394983241887
0.5950933041612465
-0.6709121246862187
0.27418858796782175
0.5594181083057896
0.16524130243040375
0.5795568004246059
1.1465340871243122
1.4998604969761207
-0.09868065423752359
0.7258602230301447
0.140623227023551
-0.25729536705887135
-0.47629474047945086
0.05029415882520283
1.2556691701278373
0.7238786048611863
0.9583815549339278
0.6346337597409288
-0.2805109554936077
0.667780736224884
0.5457157653150544
0.03307936429153058
-0.06265080696134229
1.0940912705039465
0.3087493827836678
1.1514927086858644
0.3390290645956635
0.2510192177189341
1.2522383673693493
1.05401165523946
0.43875648429661207
-0.34256954310627863
0.24584501899525035
0.5243579926292483
1.228925603441172
1.0452157492571308
0.14394996702446994
-0.060366527577805584
-14.633245357939288
-39.92154195768069
-8.326085194318246
-68.05098278821296
-33.60446520348539
-28.56129192756803
-71.78311273033265
-19.020520075024194
-18.088835379289
-2.2575506162047674
-4.661053731442863
-15.884158775860769
-65.41552628120367
-26.51983592036497
-17.649854663428506
-32.76281812064339
10.824195411210997
0.7293631201891752
6.060428700911585
11.373115263070522
14.589212334876242
36.47417664170027
33.00267932200162
35.58291332833746
-0.7280480569218415
18.070128268971533
30.080580399968536
33.812934613702225
23.38141673329311
-8.302913032115608
16.39723865488803
0.6097412549914569
2.8562978740156857
3.5933781711506176
1.0530019398955681
4.532652790489131
4.647084122708975
4.813557845147025
1.4393508625738605
-0.8421143646258464
1.1330918203314069
3.9082787538008312
3.258847921672583
1.6573627081813913
3.0398753683149895
3.5574509155053606
0.9585442529793449
6.806843369053963
0.41000347951409893
0.08935224796416377
0.16845786218921582
0.5320732684897218
0.5070264369172239
-0.013708258961803388
-0.22133980335410874
-0.14711021351252063
-0.01953644013395539
0.8121062937565786
0.3723080232516857
0.4760904815428191
0.44119286739887975
0.5925596870899746
0.688710940052176
0.45724843307587165

gjh: "extr.gjh" written.  Execute
 
	include "extr.gjh"
	remove "extr.gjh";
