Assigning suffixes

Presolve eliminates 21 constraints and 3 variables.
Substitution eliminates 37 variables.
Adjusted problem:
16 variables, all nonlinear
16 constraints, all nonlinear; 86 nonzeros
	16 equality constraints
0 objectives.

Constraint suffixes missing: 
Variable suffixes missing: 
constraints: 16 variables: 16
@@@ Variable vector
16
0.6092090562543065
0.1898730530200304
0.9218920519490184
0.9571557013775424
0.10572581989835575
0.7141062486427147
0.5515320687097053
0.26313507221726584
2.6992083071554385
2.8144931877973094
3.3304234836118747
3.151614459190781
3.884043110407819
2.727049252471333
2.0061775101170287
0.7311581696244298

@@@ Residual vector
16
0.050488805127944736
-0.021307041136343297
-0.7130362742935983
0.6725247691993053
-0.11639501058629231
-0.8336391444137513
0.1539238488100681
-0.04463225317748809
-0.4289010285384921
-0.4557930985420293
0.6368725441245097
-0.07937207646223329
-0.23965500886704025
-0.00969174365911582
-0.19043365529442732
-0.21176018082533465

gjh: "JacobsenTorn.gjh" written.  Execute
 
	include "JacobsenTorn.gjh"
	remove "JacobsenTorn.gjh";
