
Substitution eliminates 42 variables.
Adjusted problem:
7 variables, all nonlinear
7 constraints; 30 nonzeros
	5 nonlinear constraints
	2 linear constraints
	7 equality constraints
0 objectives.

ignore this line 30
@@@ Problem statistics
constraints: 7 variables: 7 nonzeros: 30
Variable vector:
0.6092090562543065
0.1898730530200304
0.9218920519490184
0.9571557013775424
0.10572581989835575
0.7141062486427147
0.5515320687097053

Residual vector:
648.2347741880928
318.26910729537406
468.82803610548626
36.989076374822304
760.6912417779909
371.3641372507757
1068.9208063465912

gjh: "LLE3.gjh" written.  Execute
 
	include "LLE3.gjh"
	remove "LLE3.gjh";
