@@@ Variable vector

Presolve eliminates 67 constraints and 67 variables.
Substitution eliminates 696 variables.
Adjusted problem:
119 variables, all nonlinear
119 constraints, all nonlinear; 1097 nonzeros
	119 equality constraints
0 objectives.

119
0.6092090562543065
0.1898730530200304
0.9218920519490184
0.9571557013775424
0.10572581989835575
0.7141062486427147
0.5515320687097053
0.26313507221726584
0.3496041535777193
0.40724659389865475
0.6652117418059373
0.5758072295953904
0.9420215552039096
0.36352462623566634
0.003088755058514279
0.7555983360222088
0.4501026215672097
0.17012187265331485
0.7877480635271975
0.8378083764164828
0.590166087555528
0.20309282364307576
0.25363878467576173
0.5323392764929608
0.16674825110565217
0.02714183893944929
0.33270883205104906
0.8059470202736861
0.6405158376732882
0.754374579072623
0.48673052674987505
0.039933625180337586
0.6544303041427644
0.4781248832489206
0.31289874428346315
0.6036795859849745
0.3902836108765371
0.9570518288965393
0.5922037694600494
0.7602993227799637
0.05717502091925056
0.3120471008908519
0.14552608323062394
0.3104900693614326
0.7882887505862115
0.5097337079180678
0.26486921671035574
0.7862882369251194
0.6756225992058746
0.2597614663795443
0.6191303340154188
0.420199834473764
0.08634903934333252
0.8346241658885393
0.7472373422570681
0.8458575804160756
0.40070769459644306
0.5246405869359776
0.9798345403587727
0.9420428503826899
1.2291437277543185
0.7830391478063308
0.8859621210986331
1.5323328154592808
1.8577256084604319
1.826052754353501
1.1028103214668712
1.8046554260718464
1.3384649433430862
0.8637585455470064
1.2364892472576523
0.7825072877535185
1.803475024087506
1.017258396318117
0.6929478810761015
1.6488467693608442
1.335720604546161
1.8368703149922623
0.8921372235422875
0.32978870695138
0.80311997081927
0.5475823760792615
0.41977684527854114
0.3027074711335689
0.4162093080216275
0.5339924466629088
0.7248996461937005
0.8667525539663636
0.49540680929265624
0.5022340415303792
0.7021977521880065
0.7249978086996655
0.58135534663332
0.6472268729161429
0.21832740810182977
0.44250373459419046
0.7747945293358209
0.11242973105116702
0.838863120638258
374.232331320853
361.85352713639224
360.8376595420081
352.2288836150203
336.91892710317165
343.83039431723796
353.4709468716235
354.9135148611541
382.6566582258753
381.2521875899586
382.83128699079566
336.419691182437
358.38524413226935
374.643438210055
377.7769111648345
367.94460241864107
341.19741005576935
356.44079563522905
337.10662477543207
360.1646416531273

@@@ Residual vector
119
1.8453178266031678
1.2957117280547166
0.9389254535537798
-0.20533134118292573
-0.3842461964375019
0.02299298245901288
0.5019997820225199
-0.5965083843218207
1.7488072730584856
1.9724490379487587
2.3042259993292618
-0.08166513793647101
0.2491776793688139
1.1557286963507298
-0.06963092007796295
0.35442812750245867
-0.22790668857075874
-0.531894554715057
-1.4850151839167647
-0.5792044793858666
1.493303011382463
-0.039887259616815385
0.7458433425909068
0.6808470486875906
-0.20716918043099386
0.2644048846406255
0.38304580766717744
0.6912706618407145
0.8987666931969733
1.4166669929170164
1.9180378656579808
0.011620627604134404
0.7513253065395626
1.1601133148428024
0.03866092418141642
1.4821822554897208
0.11403679930098698
0.5320287249475135
0.04173104716391607
1.4468193472585553
-0.12442989043463504
0.6138004825105847
-0.6231483081289284
-1.4505500596068965
2.2328749058179476
-0.7696787014781523
-0.214292634874641
2.282595193575262
-1.0595340236570254
1.862995677425618
-3.3883456777515333
1.7013203528338816
-0.617694959267574
-1.3716427419334867
3.5106033497596467
-3.265196371287394
0.3405365840899319
0.08563724724696287
0.5367184883157062
-1.0166446281844905
-0.30663776101860174
0.13329484236524078
-0.08732080780339116
-0.6787540795458327
0.4667941565561183
0.38205274328818506
-0.222846501993701
-0.016226951169191484
0.38590632941447733
-0.8006109572924723
0.1109971572361263
0.873919786058952
-0.8917498202412082
0.2851221352116735
-0.030504804690673376
-0.5362492463425281
0.531625317371927
-0.667943103770971
0.25232573427018373
0.5477192895101345
0.1741658386583164
-0.20311855915467375
0.03236645917278083
-0.15912095457280498
-0.5595828368590934
0.526104714123155
0.14758635161360528
-0.05617693044260169
-0.00690835752689456
0.4117731019400465
-0.6531454506810876
-0.2994944566376732
1.044358846844499
-0.5553926975800616
-0.5226129683974292
-0.2899183201777821
0.524399693284023
0.10014091281848325
-0.6660672539137291
1.0142673038355785
-8.92780657223888
1.8413150193251218
0.9948450132445341
-5.62081467176602
5.15179320989911
-1.3918737162119914
1.2826475728991644
9.556394385429337
-6.282564509772287
7.3220960705478575
-17.293211722873664
12.232192349498
-2.8006247441988705
-8.711801047858252
12.919816783338549
-12.531078125161507
5.0391364136928525
-5.751901194215536
7.645952850611757

gjh: "mss20heatBalance.gjh" written.  Execute
 
	include "mss20heatBalance.gjh"
	remove "mss20heatBalance.gjh";
