
Presolve eliminates 16 constraints and 16 variables.
Substitution eliminates 101 variables.
Adjusted problem:
17 variables, all nonlinear
17 constraints, all nonlinear; 128 nonzeros
	17 equality constraints
0 objectives.

ignore this line 128
@@@ Problem statistics
constraints: 17 variables: 17 nonzeros: 128
Variable vector:
0.6092090562543065
0.1898730530200304
0.9218920519490184
0.9571557013775424
0.10572581989835575
0.7141062486427147
0.5515320687097053
0.26313507221726584
0.3496041535777193
1.2520002995801436
1.6079922036921934
0.5758072295953904
0.9420215552039096
0.36352462623566634
336.445480363256
371.888681626646
357.4998334758156

Residual vector:
-1.3426895880762442
2.4088363756582103
-0.1336463908759889
0.5483376101820683
-0.3016054680354341
0.9005398175844028
2.8046640744207583
-0.8955639049956403
-1.7907176320273392
-0.8782162137157583
1.0224966948725194
-0.20696177316836925
0.050744256632903995
-0.20482398609281005
0.17302157714081895
14.429963962624631
-8.168588859933772

gjh: "mssheatBalanceDbg.gjh" written.  Execute
 
	include "mssheatBalanceDbg.gjh"
	remove "mssheatBalanceDbg.gjh";
