
12 variables:
	6 nonlinear variables
	6 linear variables
12 constraints; 28 nonzeros
	6 nonlinear constraints
	6 linear constraints
	12 equality constraints
0 objectives.

constraints: 12 variables: 12
@@@ Variable vector
12
2.1841811250861305
-6.202538939599392
8.437841038980366
9.143114027550848
-7.885483602032885
4.282124972854293
6.18384824516464
-23.686492778273415
-12.031667713782458
-5.565204366080714
6.608469672237494
1.5161445919078087

@@@ Residual vector
12
6.915283907487794
-1069.5090249395844
857.0560035951833
1143.1405949381274
-1970.5790153354153
54.47765369420342
-27.686159898351924
5.4522861248915655
14.90430438668211
21.316788065869055
-14.493953274270378
2.765980380946484

gjh: "tunnelDiodes.gjh" written.  Execute
 
	include "tunnelDiodes.gjh"
	remove "tunnelDiodes.gjh";
